<?xml version="1.0" encoding="UTF-8"?>
<!-- Generated by org.testng.reporters.JUnitReportReporter -->
<testsuite hostname="DESKTOP-UMO9Q3S" failures="0" tests="1" name="project3_SwagLabs.SwagLabs_SauceDemo.TestCases" time="8.170" errors="0" timestamp="2023-10-03T22:51:03 IST" skipped="0">
  <testcase classname="project3_SwagLabs.SwagLabs_SauceDemo.TestCases" name="TC3" time="8.170"/>
  <system-out/>
</testsuite> <!-- project3_SwagLabs.SwagLabs_SauceDemo.TestCases -->
