<?xml version="1.0" encoding="UTF-8"?>
<!-- Generated by org.testng.reporters.JUnitReportReporter -->
<testsuite hostname="DESKTOP-UMO9Q3S" failures="0" tests="3" name="project3_SwagLabs.SwagLabs_SauceDemo.TestCases" time="30.218" errors="0" timestamp="2023-10-03T23:16:54 IST" skipped="0">
  <testcase classname="project3_SwagLabs.SwagLabs_SauceDemo.TestCases" name="TC1" time="14.420"/>
  <system-out/>
  <testcase classname="project3_SwagLabs.SwagLabs_SauceDemo.TestCases" name="TC2" time="7.567"/>
  <system-out/>
  <testcase classname="project3_SwagLabs.SwagLabs_SauceDemo.TestCases" name="TC3" time="8.231"/>
  <system-out/>
</testsuite> <!-- project3_SwagLabs.SwagLabs_SauceDemo.TestCases -->
